2016-07-05 00:01:55,992 [Worker-0] INFO  c.g.t.t.d.PublishedGradleVersions - Gradle version information cache is not available. Remote download required.
2016-07-05 00:16:17,038 [Worker-2] INFO  c.g.t.t.d.PublishedGradleVersions - Gradle version information cache is up-to-date. Trying to read.
2016-07-10 17:34:10,964 [Worker-2] INFO  c.g.t.t.d.PublishedGradleVersions - Gradle version information cache is out-of-date. Trying to update.
2016-07-10 17:35:20,653 [Start Help Server] INFO  org.eclipse.jetty.util.log - Logging initialized @96789ms
2016-07-10 17:35:20,893 [Start Help Server] INFO  org.eclipse.jetty.server.Server - jetty-9.3.9.v20160517
2016-07-10 17:35:21,263 [Start Help Server] INFO  o.e.j.server.handler.ContextHandler - Started o.e.j.s.ServletContextHandler@10018673{/help,null,AVAILABLE}
2016-07-10 17:35:21,290 [Start Help Server] INFO  o.e.jetty.server.AbstractConnector - Started ServerConnector@70331865{HTTP/1.1,[http/1.1]}{127.0.0.1:61480}
2016-07-10 17:35:21,291 [Start Help Server] INFO  org.eclipse.jetty.server.Server - Started @97427ms
2016-07-10 17:43:20,176 [Stop Help Server] INFO  o.e.jetty.server.AbstractConnector - Stopped ServerConnector@70331865{HTTP/1.1,[http/1.1]}{127.0.0.1:0}
2016-07-10 17:43:20,204 [Stop Help Server] INFO  o.e.j.server.handler.ContextHandler - Stopped o.e.j.s.ServletContextHandler@10018673{/help,null,UNAVAILABLE}
2016-07-10 17:45:00,955 [Worker-1] INFO  c.g.t.t.d.PublishedGradleVersions - Gradle version information cache is up-to-date. Trying to read.
2016-07-10 17:47:54,230 [Worker-3] INFO  c.g.t.t.d.PublishedGradleVersions - Gradle version information cache is up-to-date. Trying to read.
2016-07-10 17:49:21,741 [Start Help Server] INFO  org.eclipse.jetty.util.log - Logging initialized @101338ms
2016-07-10 17:49:21,958 [Start Help Server] INFO  org.eclipse.jetty.server.Server - jetty-9.3.9.v20160517
2016-07-10 17:49:22,023 [Start Help Server] INFO  o.e.j.server.handler.ContextHandler - Started o.e.j.s.ServletContextHandler@1aa04631{/help,null,AVAILABLE}
2016-07-10 17:49:22,045 [Start Help Server] INFO  o.e.jetty.server.AbstractConnector - Started ServerConnector@5665d319{HTTP/1.1,[http/1.1]}{127.0.0.1:61532}
2016-07-10 17:49:22,045 [Start Help Server] INFO  org.eclipse.jetty.server.Server - Started @101642ms
2016-07-10 17:57:37,030 [Stop Help Server] INFO  o.e.jetty.server.AbstractConnector - Stopped ServerConnector@5665d319{HTTP/1.1,[http/1.1]}{127.0.0.1:0}
2016-07-10 17:57:37,056 [Stop Help Server] INFO  o.e.j.server.handler.ContextHandler - Stopped o.e.j.s.ServletContextHandler@1aa04631{/help,null,UNAVAILABLE}
2016-07-10 17:58:04,345 [Worker-13] INFO  c.g.t.t.d.PublishedGradleVersions - Gradle version information cache is up-to-date. Trying to read.
2016-07-16 22:11:53,693 [Worker-2] INFO  c.g.t.t.d.PublishedGradleVersions - Gradle version information cache is out-of-date. Trying to update.
2016-07-16 22:57:39,564 [Worker-0] INFO  c.g.t.t.d.PublishedGradleVersions - Gradle version information cache is up-to-date. Trying to read.
2016-08-11 02:24:48,351 [Worker-2] INFO  c.g.t.t.d.PublishedGradleVersions - Gradle version information cache is out-of-date. Trying to update.
2016-08-11 02:25:02,510 [Worker-2] INFO  c.g.t.t.d.PublishedGradleVersions - Updating Gradle version information cache failed. Using outdated cache.
2016-08-11 11:19:33,109 [Worker-1] INFO  c.g.t.t.d.PublishedGradleVersions - Gradle version information cache is out-of-date. Trying to update.
2016-08-12 01:40:18,902 [Worker-0] INFO  c.g.t.t.d.PublishedGradleVersions - Gradle version information cache is up-to-date. Trying to read.
2016-08-12 01:42:06,450 [Worker-0] INFO  c.g.t.t.d.PublishedGradleVersions - Gradle version information cache is up-to-date. Trying to read.
2016-08-12 01:49:08,802 [Worker-4] INFO  c.g.t.t.d.PublishedGradleVersions - Gradle version information cache is up-to-date. Trying to read.
2016-08-12 03:23:54,702 [Worker-2] INFO  c.g.t.t.d.PublishedGradleVersions - Gradle version information cache is up-to-date. Trying to read.
2016-08-12 03:42:10,912 [Worker-2] INFO  c.g.t.t.d.PublishedGradleVersions - Gradle version information cache is up-to-date. Trying to read.
2016-08-12 10:54:35,329 [Worker-2] INFO  c.g.t.t.d.PublishedGradleVersions - Gradle version information cache is up-to-date. Trying to read.
2016-08-12 11:22:01,970 [Start Help Server] INFO  org.eclipse.jetty.util.log - Logging initialized @1666805ms
2016-08-12 11:22:02,202 [Start Help Server] INFO  org.eclipse.jetty.server.Server - jetty-9.3.9.v20160517
2016-08-12 11:22:02,279 [Start Help Server] INFO  o.e.j.server.handler.ContextHandler - Started o.e.j.s.ServletContextHandler@1c9aaf22{/help,null,AVAILABLE}
2016-08-12 11:22:02,294 [Start Help Server] INFO  o.e.jetty.server.AbstractConnector - Started ServerConnector@3ec5441e{HTTP/1.1,[http/1.1]}{127.0.0.1:52808}
2016-08-12 11:22:02,295 [Start Help Server] INFO  org.eclipse.jetty.server.Server - Started @1667130ms
2016-08-12 15:49:32,722 [Stop Help Server] INFO  o.e.jetty.server.AbstractConnector - Stopped ServerConnector@3ec5441e{HTTP/1.1,[http/1.1]}{127.0.0.1:0}
2016-08-12 15:49:32,754 [Stop Help Server] INFO  o.e.j.server.handler.ContextHandler - Stopped o.e.j.s.ServletContextHandler@1c9aaf22{/help,null,UNAVAILABLE}
2016-08-12 15:55:03,396 [Worker-0] INFO  c.g.t.t.d.PublishedGradleVersions - Gradle version information cache is out-of-date. Trying to update.
2016-08-13 20:48:13,854 [Worker-2] INFO  c.g.t.t.d.PublishedGradleVersions - Gradle version information cache is out-of-date. Trying to update.
2016-08-13 22:18:49,577 [Worker-2] INFO  c.g.t.t.d.PublishedGradleVersions - Gradle version information cache is up-to-date. Trying to read.
2016-08-15 15:22:24,104 [Worker-1] INFO  c.g.t.t.d.PublishedGradleVersions - Gradle version information cache is out-of-date. Trying to update.
2016-08-22 23:59:02,004 [Worker-3] INFO  c.g.t.t.d.PublishedGradleVersions - Gradle version information cache is out-of-date. Trying to update.
2016-08-24 11:01:39,794 [Worker-1] INFO  c.g.t.t.d.PublishedGradleVersions - Gradle version information cache is out-of-date. Trying to update.
2016-08-25 15:00:23,288 [Worker-2] INFO  c.g.t.t.d.PublishedGradleVersions - Gradle version information cache is out-of-date. Trying to update.
2016-08-28 20:03:15,631 [Worker-2] INFO  c.g.t.t.d.PublishedGradleVersions - Gradle version information cache is out-of-date. Trying to update.
2016-09-01 00:34:04,452 [Worker-2] INFO  c.g.t.t.d.PublishedGradleVersions - Gradle version information cache is out-of-date. Trying to update.
